build/app/intermediates/manifest_merge_blame_file/debug/manifest-merger-blame-debug-report.txt
1<?xml version="1.0" encoding="utf-8"?>
2<manifest xmlns:android="http://schemas.android.com/apk/res/android"
3    package="vn.pancake.chat"
4    android:versionCode="2051"
5    android:versionName="1.2.51" >
6
7    <uses-sdk
8        android:minSdkVersion="24"
9        android:targetSdkVersion="33" />
10    <!--
11         Flutter needs it to communicate with the running application
12         to allow setting breakpoints, to provide hot reload, etc.
13    -->
14    <uses-permission android:name="android.permission.INTERNET" />
14-->src\main\AndroidManifest.xml:17:5-67
14-->src\main\AndroidManifest.xml:17:22-64
15    <uses-permission android:name="android.permission.SYSTEM_ALERT_WINDOW" />
15-->src\debug\AndroidManifest.xml:7:5-77
15-->src\debug\AndroidManifest.xml:7:22-75
16    <uses-permission android:name="android.permission.MANAGE_DOCUMENTS" />
16-->src\debug\AndroidManifest.xml:8:5-74
16-->src\debug\AndroidManifest.xml:8:22-72
17    <uses-permission android:name="android.permission.READ_INTERNAL_STORAGE" />
17-->src\debug\AndroidManifest.xml:9:5-79
17-->src\debug\AndroidManifest.xml:9:22-77
18    <uses-permission android:name="android.permission.READ_PHONE_STATE" />
18-->src\debug\AndroidManifest.xml:10:5-74
18-->src\debug\AndroidManifest.xml:10:22-72
19    <uses-permission android:name="android.permission.USE_FINGERPRINT" />
19-->src\main\AndroidManifest.xml:19:5-73
19-->src\main\AndroidManifest.xml:19:22-71
20    <uses-permission android:name="android.permission.VIBRATE" />
20-->src\debug\AndroidManifest.xml:12:5-65
20-->src\debug\AndroidManifest.xml:12:22-63
21    <uses-permission android:name="android.permission.MODIFY_AUDIO_SETTINGS" />
21-->src\main\AndroidManifest.xml:14:5-80
21-->src\main\AndroidManifest.xml:14:22-77
22    <uses-permission android:name="android.permission.ACCESS_COARSE_LOCATION" />
22-->src\main\AndroidManifest.xml:20:5-80
22-->src\main\AndroidManifest.xml:20:22-78
23    <uses-permission android:name="android.permission.ACCESS_FINE_LOCATION" />
23-->src\main\AndroidManifest.xml:21:5-78
23-->src\main\AndroidManifest.xml:21:22-76
24    <uses-permission android:name="android.permission.ACCESS_WIFI_STATE" />
24-->src\main\AndroidManifest.xml:22:5-76
24-->src\main\AndroidManifest.xml:22:22-73
25    <uses-permission android:name="android.permission.LOCAL_MAC_ADDRESS" />
25-->src\debug\AndroidManifest.xml:17:5-76
25-->src\debug\AndroidManifest.xml:17:22-73
26    <uses-permission android:name="android.permission.CAMERA" />
26-->src\main\AndroidManifest.xml:10:5-65
26-->src\main\AndroidManifest.xml:10:22-62
27    <uses-permission android:name="android.permission.READ_CONTACTS" />
27-->src\debug\AndroidManifest.xml:19:5-71
27-->src\debug\AndroidManifest.xml:19:22-69
28    <uses-permission android:name="android.permission.READ_CALENDAR" />
28-->src\debug\AndroidManifest.xml:20:5-71
28-->src\debug\AndroidManifest.xml:20:22-69
29    <uses-permission android:name="android.permission.WRITE_CALENDAR" />
29-->src\debug\AndroidManifest.xml:21:5-72
29-->src\debug\AndroidManifest.xml:21:22-70
30    <uses-permission android:name="android.permission.READ_EXTERNAL_STORAGE" />
30-->src\main\AndroidManifest.xml:18:5-80
30-->src\main\AndroidManifest.xml:18:22-77
31    <uses-permission android:name="android.permission.RECORD_AUDIO" />
31-->src\main\AndroidManifest.xml:11:5-71
31-->src\main\AndroidManifest.xml:11:22-68
32    <uses-permission android:name="android.permission.WRITE_EXTERNAL_STORAGE" />
32-->src\main\AndroidManifest.xml:15:5-80
32-->src\main\AndroidManifest.xml:15:22-78
33    <uses-permission android:name="android.permission.WRITE_SETTINGS" />
33-->src\debug\AndroidManifest.xml:25:5-72
33-->src\debug\AndroidManifest.xml:25:22-70
34    <uses-permission android:name="android.permission.NOTIFICATIONS" />
34-->src\debug\AndroidManifest.xml:26:5-71
34-->src\debug\AndroidManifest.xml:26:22-69
35    <uses-permission android:name="android.permission.ACCESS_NETWORK_STATE" />
35-->src\main\AndroidManifest.xml:12:5-79
35-->src\main\AndroidManifest.xml:12:22-76
36    <uses-permission android:name="android.permission.WAKE_LOCK" />
36-->src\main\AndroidManifest.xml:25:5-68
36-->src\main\AndroidManifest.xml:25:22-65
37    <uses-permission android:name="com.google.android.c2dm.permission.RECEIVE" />
37-->src\debug\AndroidManifest.xml:29:5-81
37-->src\debug\AndroidManifest.xml:29:22-79
38    <uses-permission android:name="android.permission.RECEIVE_BOOT_COMPLETED" />
38-->src\debug\AndroidManifest.xml:30:5-80
38-->src\debug\AndroidManifest.xml:30:22-78
39    <!--
40     io.flutter.app.FlutterApplication is an android.app.Application that
41         calls FlutterMain.startInitialization(this); in its onCreate method.
42         In most cases you can leave this as-is, but you if you want to provide
43         additional functionality it is fine to subclass or reimplement
44         FlutterApplication and put your custom class here.
45    -->
46    <uses-feature android:name="android.hardware.camera" />
46-->src\main\AndroidManifest.xml:8:5-60
46-->src\main\AndroidManifest.xml:8:19-57
47    <uses-feature android:name="android.hardware.camera.autofocus" />
47-->src\main\AndroidManifest.xml:9:5-70
47-->src\main\AndroidManifest.xml:9:19-67
48
49    <uses-permission android:name="android.permission.CHANGE_NETWORK_STATE" />
49-->src\main\AndroidManifest.xml:13:5-79
49-->src\main\AndroidManifest.xml:13:22-76
50    <uses-permission android:name="android.permission.CHANGE_WIFI_STATE" />
50-->src\main\AndroidManifest.xml:23:5-76
50-->src\main\AndroidManifest.xml:23:22-73
51    <uses-permission
51-->src\main\AndroidManifest.xml:26:5-95
52        android:name="android.permission.BLUETOOTH"
52-->src\main\AndroidManifest.xml:26:22-65
53        android:maxSdkVersion="30" />
53-->src\main\AndroidManifest.xml:26:66-92
54    <uses-permission
54-->src\main\AndroidManifest.xml:27:5-101
55        android:name="android.permission.BLUETOOTH_ADMIN"
55-->src\main\AndroidManifest.xml:27:22-71
56        android:maxSdkVersion="30" />
56-->src\main\AndroidManifest.xml:27:72-98
57    <uses-permission android:name="android.permission.BLUETOOTH_CONNECT" />
57-->src\main\AndroidManifest.xml:28:5-76
57-->src\main\AndroidManifest.xml:28:22-73
58    <uses-permission android:name="android.permission.READ_MEDIA_IMAGES" />
58-->src\main\AndroidManifest.xml:29:5-76
58-->src\main\AndroidManifest.xml:29:22-73
59    <uses-permission android:name="android.permission.READ_MEDIA_VIDEO" />
59-->src\main\AndroidManifest.xml:30:5-75
59-->src\main\AndroidManifest.xml:30:22-72
60
61    <queries>
61-->src\main\AndroidManifest.xml:31:5-52:15
62
63        <!-- If your app opens https URLs -->
64        <intent>
64-->src\main\AndroidManifest.xml:33:7-36:16
65            <action android:name="android.intent.action.VIEW" />
65-->src\main\AndroidManifest.xml:34:9-61
65-->src\main\AndroidManifest.xml:34:17-58
66
67            <data android:scheme="https" />
67-->src\main\AndroidManifest.xml:35:9-40
67-->src\main\AndroidManifest.xml:35:15-37
68        </intent>
69        <!-- If your app makes calls -->
70        <intent>
70-->src\main\AndroidManifest.xml:38:7-41:16
71            <action android:name="android.intent.action.DIAL" />
71-->src\main\AndroidManifest.xml:39:9-61
71-->src\main\AndroidManifest.xml:39:17-58
72
73            <data android:scheme="tel" />
73-->src\main\AndroidManifest.xml:35:9-40
73-->src\main\AndroidManifest.xml:35:15-37
74        </intent>
75        <!-- If your sends SMS messages -->
76        <intent>
76-->src\main\AndroidManifest.xml:43:7-46:16
77            <action android:name="android.intent.action.SENDTO" />
77-->src\main\AndroidManifest.xml:44:9-63
77-->src\main\AndroidManifest.xml:44:17-60
78
79            <data android:scheme="smsto" />
79-->src\main\AndroidManifest.xml:35:9-40
79-->src\main\AndroidManifest.xml:35:15-37
80        </intent>
81        <!-- If your app sends emails -->
82        <intent>
82-->src\main\AndroidManifest.xml:48:7-51:16
83            <action android:name="android.intent.action.SEND" />
83-->src\main\AndroidManifest.xml:49:9-61
83-->src\main\AndroidManifest.xml:49:17-58
84
85            <data android:mimeType="*/*" />
85-->src\main\AndroidManifest.xml:35:9-40
86        </intent>
87        <intent>
87-->[:file_picker] AndroidManifest.xml:10:9-14:18
88            <action android:name="android.intent.action.GET_CONTENT" />
88-->[:file_picker] AndroidManifest.xml:11:13-72
88-->[:file_picker] AndroidManifest.xml:11:21-69
89
90            <data android:mimeType="*/*" />
90-->src\main\AndroidManifest.xml:35:9-40
91        </intent>
92        <intent>
92-->[androidx.media2:media2-session:1.2.0] AndroidManifest.xml:25:9-27:18
93            <action android:name="android.media.browse.MediaBrowserService" />
93-->[androidx.media2:media2-session:1.2.0] AndroidManifest.xml:26:13-79
93-->[androidx.media2:media2-session:1.2.0] AndroidManifest.xml:26:21-76
94        </intent>
95        <intent>
95-->[androidx.media2:media2-session:1.2.0] AndroidManifest.xml:28:9-30:18
96            <action android:name="androidx.media2.session.MediaSessionService" />
96-->[androidx.media2:media2-session:1.2.0] AndroidManifest.xml:29:13-82
96-->[androidx.media2:media2-session:1.2.0] AndroidManifest.xml:29:21-79
97        </intent>
98        <intent>
98-->[androidx.media2:media2-session:1.2.0] AndroidManifest.xml:31:9-33:18
99            <action android:name="androidx.media2.session.MediaLibraryService" />
99-->[androidx.media2:media2-session:1.2.0] AndroidManifest.xml:32:13-82
99-->[androidx.media2:media2-session:1.2.0] AndroidManifest.xml:32:21-79
100        </intent>
101    </queries>
102
103    <uses-permission android:name="android.permission.USE_FULL_SCREEN_INTENT" />
103-->[:flutter_local_notifications] AndroidManifest.xml:9:5-81
103-->[:flutter_local_notifications] AndroidManifest.xml:9:22-78
104    <uses-permission android:name="android.permission.SCHEDULE_EXACT_ALARM" />
104-->[:flutter_local_notifications] AndroidManifest.xml:10:5-79
104-->[:flutter_local_notifications] AndroidManifest.xml:10:22-76
105    <uses-permission android:name="android.permission.POST_NOTIFICATIONS" />
105-->[:flutter_local_notifications] AndroidManifest.xml:11:5-77
105-->[:flutter_local_notifications] AndroidManifest.xml:11:22-74
106    <uses-permission android:name="android.permission.CALL_PHONE" />
106-->[:callkeep] AndroidManifest.xml:7:5-69
106-->[:callkeep] AndroidManifest.xml:7:22-66
107    <uses-permission android:name="android.permission.USE_BIOMETRIC" />
107-->[:local_auth_android] AndroidManifest.xml:9:5-72
107-->[:local_auth_android] AndroidManifest.xml:9:22-69
108    <uses-permission android:name="com.google.android.gms.permission.AD_ID" />
108-->[com.google.android.gms:play-services-measurement-api:21.2.1] AndroidManifest.xml:25:5-79
108-->[com.google.android.gms:play-services-measurement-api:21.2.1] AndroidManifest.xml:25:22-76
109    <uses-permission android:name="com.google.android.finsky.permission.BIND_GET_INSTALL_REFERRER_SERVICE" />
109-->[com.google.android.gms:play-services-measurement:21.2.1] AndroidManifest.xml:26:5-110
109-->[com.google.android.gms:play-services-measurement:21.2.1] AndroidManifest.xml:26:22-107
110    <uses-permission android:name="android.permission.FOREGROUND_SERVICE" />
110-->[androidx.work:work-runtime:2.8.0-alpha01] AndroidManifest.xml:28:5-77
110-->[androidx.work:work-runtime:2.8.0-alpha01] AndroidManifest.xml:28:22-74
111
112    <permission
112-->[androidx.core:core:1.9.0] AndroidManifest.xml:22:5-24:47
113        android:name="vn.pancake.chat.DYNAMIC_RECEIVER_NOT_EXPORTED_PERMISSION"
113-->[androidx.core:core:1.9.0] AndroidManifest.xml:23:9-81
114        android:protectionLevel="signature" />
114-->[androidx.core:core:1.9.0] AndroidManifest.xml:24:9-44
115
116    <uses-permission android:name="vn.pancake.chat.DYNAMIC_RECEIVER_NOT_EXPORTED_PERMISSION" /> <!-- for android -->
116-->[androidx.core:core:1.9.0] AndroidManifest.xml:26:5-97
116-->[androidx.core:core:1.9.0] AndroidManifest.xml:26:22-94
117    <!-- <uses-permission android:name="com.android.launcher.permission.READ_SETTINGS"/> -->
118    <!-- <uses-permission android:name="com.android.launcher.permission.WRITE_SETTINGS"/> -->
119    <!-- <uses-permission android:name="com.android.launcher.permission.INSTALL_SHORTCUT" /> -->
120    <!-- <uses-permission android:name="com.android.launcher.permission.UNINSTALL_SHORTCUT" /> -->
121    <!-- for Samsung -->
122    <uses-permission android:name="com.sec.android.provider.badge.permission.READ" />
122-->[me.leolin:ShortcutBadger:1.1.22] AndroidManifest.xml:19:5-86
122-->[me.leolin:ShortcutBadger:1.1.22] AndroidManifest.xml:19:22-83
123    <uses-permission android:name="com.sec.android.provider.badge.permission.WRITE" /> <!-- for htc -->
123-->[me.leolin:ShortcutBadger:1.1.22] AndroidManifest.xml:20:5-87
123-->[me.leolin:ShortcutBadger:1.1.22] AndroidManifest.xml:20:22-84
124    <uses-permission android:name="com.htc.launcher.permission.READ_SETTINGS" />
124-->[me.leolin:ShortcutBadger:1.1.22] AndroidManifest.xml:23:5-81
124-->[me.leolin:ShortcutBadger:1.1.22] AndroidManifest.xml:23:22-78
125    <uses-permission android:name="com.htc.launcher.permission.UPDATE_SHORTCUT" /> <!-- for sony -->
125-->[me.leolin:ShortcutBadger:1.1.22] AndroidManifest.xml:24:5-83
125-->[me.leolin:ShortcutBadger:1.1.22] AndroidManifest.xml:24:22-80
126    <uses-permission android:name="com.sonyericsson.home.permission.BROADCAST_BADGE" />
126-->[me.leolin:ShortcutBadger:1.1.22] AndroidManifest.xml:27:5-88
126-->[me.leolin:ShortcutBadger:1.1.22] AndroidManifest.xml:27:22-85
127    <uses-permission android:name="com.sonymobile.home.permission.PROVIDER_INSERT_BADGE" /> <!-- for apex -->
127-->[me.leolin:ShortcutBadger:1.1.22] AndroidManifest.xml:28:5-92
127-->[me.leolin:ShortcutBadger:1.1.22] AndroidManifest.xml:28:22-89
128    <uses-permission android:name="com.anddoes.launcher.permission.UPDATE_COUNT" /> <!-- for solid -->
128-->[me.leolin:ShortcutBadger:1.1.22] AndroidManifest.xml:31:5-84
128-->[me.leolin:ShortcutBadger:1.1.22] AndroidManifest.xml:31:22-81
129    <uses-permission android:name="com.majeur.launcher.permission.UPDATE_BADGE" /> <!-- for huawei -->
129-->[me.leolin:ShortcutBadger:1.1.22] AndroidManifest.xml:34:5-83
129-->[me.leolin:ShortcutBadger:1.1.22] AndroidManifest.xml:34:22-80
130    <uses-permission android:name="com.huawei.android.launcher.permission.CHANGE_BADGE" />
130-->[me.leolin:ShortcutBadger:1.1.22] AndroidManifest.xml:37:5-91
130-->[me.leolin:ShortcutBadger:1.1.22] AndroidManifest.xml:37:22-88
131    <uses-permission android:name="com.huawei.android.launcher.permission.READ_SETTINGS" />
131-->[me.leolin:ShortcutBadger:1.1.22] AndroidManifest.xml:38:5-92
131-->[me.leolin:ShortcutBadger:1.1.22] AndroidManifest.xml:38:22-89
132    <uses-permission android:name="com.huawei.android.launcher.permission.WRITE_SETTINGS" /> <!-- for ZUK -->
132-->[me.leolin:ShortcutBadger:1.1.22] AndroidManifest.xml:39:5-93
132-->[me.leolin:ShortcutBadger:1.1.22] AndroidManifest.xml:39:22-90
133    <uses-permission android:name="android.permission.READ_APP_BADGE" /> <!-- for OPPO -->
133-->[me.leolin:ShortcutBadger:1.1.22] AndroidManifest.xml:42:5-73
133-->[me.leolin:ShortcutBadger:1.1.22] AndroidManifest.xml:42:22-70
134    <uses-permission android:name="com.oppo.launcher.permission.READ_SETTINGS" />
134-->[me.leolin:ShortcutBadger:1.1.22] AndroidManifest.xml:45:5-82
134-->[me.leolin:ShortcutBadger:1.1.22] AndroidManifest.xml:45:22-79
135    <uses-permission android:name="com.oppo.launcher.permission.WRITE_SETTINGS" /> <!-- for EvMe -->
135-->[me.leolin:ShortcutBadger:1.1.22] AndroidManifest.xml:46:5-83
135-->[me.leolin:ShortcutBadger:1.1.22] AndroidManifest.xml:46:22-80
136    <uses-permission android:name="me.everything.badger.permission.BADGE_COUNT_READ" />
136-->[me.leolin:ShortcutBadger:1.1.22] AndroidManifest.xml:49:5-88
136-->[me.leolin:ShortcutBadger:1.1.22] AndroidManifest.xml:49:22-85
137    <uses-permission android:name="me.everything.badger.permission.BADGE_COUNT_WRITE" />
137-->[me.leolin:ShortcutBadger:1.1.22] AndroidManifest.xml:50:5-89
137-->[me.leolin:ShortcutBadger:1.1.22] AndroidManifest.xml:50:22-86
138
139    <uses-feature
139-->[com.journeyapps:zxing-android-embedded:4.3.0] AndroidManifest.xml:28:5-30:36
140        android:name="android.hardware.camera.front"
140-->[com.journeyapps:zxing-android-embedded:4.3.0] AndroidManifest.xml:29:9-53
141        android:required="false" />
141-->[com.journeyapps:zxing-android-embedded:4.3.0] AndroidManifest.xml:30:9-33
142    <uses-feature
142-->[com.journeyapps:zxing-android-embedded:4.3.0] AndroidManifest.xml:36:5-38:36
143        android:name="android.hardware.camera.flash"
143-->[com.journeyapps:zxing-android-embedded:4.3.0] AndroidManifest.xml:37:9-53
144        android:required="false" />
144-->[com.journeyapps:zxing-android-embedded:4.3.0] AndroidManifest.xml:38:9-33
145    <uses-feature
145-->[com.journeyapps:zxing-android-embedded:4.3.0] AndroidManifest.xml:39:5-41:36
146        android:name="android.hardware.screen.landscape"
146-->[com.journeyapps:zxing-android-embedded:4.3.0] AndroidManifest.xml:40:9-57
147        android:required="false" />
147-->[com.journeyapps:zxing-android-embedded:4.3.0] AndroidManifest.xml:41:9-33
148    <uses-feature
148-->[com.journeyapps:zxing-android-embedded:4.3.0] AndroidManifest.xml:42:5-44:36
149        android:name="android.hardware.wifi"
149-->[com.journeyapps:zxing-android-embedded:4.3.0] AndroidManifest.xml:43:9-45
150        android:required="false" />
150-->[com.journeyapps:zxing-android-embedded:4.3.0] AndroidManifest.xml:44:9-33
151
152    <application
152-->src\main\AndroidManifest.xml:54:5-158:19
153        android:allowBackup="false"
153-->src\main\AndroidManifest.xml:55:9-36
154        android:appComponentFactory="androidx.core.app.CoreComponentFactory"
154-->[androidx.core:core:1.9.0] AndroidManifest.xml:28:18-86
155        android:debuggable="true"
156        android:extractNativeLibs="false"
157        android:fullBackupOnly="false"
157-->src\main\AndroidManifest.xml:56:9-39
158        android:hardwareAccelerated="false"
158-->src\main\AndroidManifest.xml:59:9-44
159        android:icon="@mipmap/ic_launcher"
159-->src\main\AndroidManifest.xml:61:9-43
160        android:label="Pancake"
160-->src\main\AndroidManifest.xml:57:9-32
161        android:largeHeap="true"
161-->src\main\AndroidManifest.xml:58:9-33
162        android:networkSecurityConfig="@xml/network_security_config"
162-->src\main\AndroidManifest.xml:60:9-69
163        android:requestLegacyExternalStorage="true" > <!-- <activity -->
163-->src\debug\AndroidManifest.xml:31:18-61
164        <!-- android:name="com.yalantis.ucrop.UCropActivity" -->
165        <!-- android:screenOrientation="portrait" -->
166        <!-- android:theme="@style/Theme.AppCompat.Light.NoActionBar"/> -->
167        <!-- <activity -->
168        <!-- android:name="com.example.workcake.ActionActivity" -->
169        <!-- android:parentActivityName=".MainActivity" -->
170        <!-- android:theme="@style/Theme.AppCompat" -->
171        <!-- /> -->
172        <receiver android:name="com.example.workcake.MuteAction" />
172-->src\main\AndroidManifest.xml:72:9-67
172-->src\main\AndroidManifest.xml:72:19-65
173        <receiver android:name="com.example.workcake.MarkAsReadAction" />
173-->src\main\AndroidManifest.xml:73:9-73
173-->src\main\AndroidManifest.xml:73:19-71
174        <receiver android:name="vn.pancake.chat.RepLyAction" />
174-->src\main\AndroidManifest.xml:74:9-48
174-->src\main\AndroidManifest.xml:74:19-46
175
176        <activity
176-->src\main\AndroidManifest.xml:75:9-81:37
177            android:name="vn.pancake.chat.NotificationActivity"
177-->src\main\AndroidManifest.xml:76:11-47
178            android:excludeFromRecents="true"
178-->src\main\AndroidManifest.xml:77:11-44
179            android:launchMode="singleTask"
179-->src\main\AndroidManifest.xml:79:11-42
180            android:taskAffinity=""
180-->src\main\AndroidManifest.xml:81:11-34
181            android:theme="@style/NotiTheme"
181-->src\main\AndroidManifest.xml:78:11-43
182            android:windowSoftInputMode="stateHidden" />
182-->src\main\AndroidManifest.xml:80:11-52
183        <activity
183-->src\main\AndroidManifest.xml:82:9-130:20
184            android:name="vn.pancake.chat.MainActivity"
184-->src\main\AndroidManifest.xml:83:13-41
185            android:configChanges="orientation|keyboardHidden|keyboard|screenSize|smallestScreenSize|locale|layoutDirection|fontScale|screenLayout|density|uiMode"
185-->src\main\AndroidManifest.xml:87:13-163
186            android:exported="true"
186-->src\main\AndroidManifest.xml:84:13-36
187            android:hardwareAccelerated="true"
187-->src\main\AndroidManifest.xml:88:13-47
188            android:launchMode="singleTask"
188-->src\main\AndroidManifest.xml:85:13-44
189            android:theme="@style/LaunchTheme"
189-->src\main\AndroidManifest.xml:86:13-47
190            android:windowSoftInputMode="adjustResize" >
190-->src\main\AndroidManifest.xml:89:13-55
191
192            <!--
193                 Specifies an Android theme to apply to this Activity as soon as
194                 the Android process has started. This theme is visible to the user
195                 while the Flutter UI initializes. After that, this theme continues
196                 to determine the Window background behind the Flutter UI.
197            -->
198            <meta-data
198-->src\main\AndroidManifest.xml:94:13-97:17
199                android:name="io.flutter.embedding.android.NormalTheme"
199-->src\main\AndroidManifest.xml:95:15-70
200                android:resource="@style/NormalTheme" />
200-->src\main\AndroidManifest.xml:96:15-52
201            <!--
202                 Displays an Android View that continues showing the launch screen
203                 Drawable until Flutter paints its first frame, then this splash
204                 screen fades out. A splash screen is useful to avoid any visual
205                 gap between the end of Android's launch screen and the painting of
206                 Flutter's first frame.
207            -->
208            <meta-data
208-->src\main\AndroidManifest.xml:103:13-106:17
209                android:name="io.flutter.embedding.android.SplashScreenDrawable"
209-->src\main\AndroidManifest.xml:104:15-79
210                android:resource="@drawable/launch_background" />
210-->src\main\AndroidManifest.xml:105:15-61
211
212            <intent-filter>
212-->src\main\AndroidManifest.xml:107:13-113:29
213
214                <!-- <action android:name="android.intent.action.VIEW" /> -->
215                <action android:name="android.intent.action.MAIN" />
215-->src\main\AndroidManifest.xml:109:15-67
215-->src\main\AndroidManifest.xml:109:23-64
216
217                <category android:name="android.intent.category.LAUNCHER" />
217-->src\main\AndroidManifest.xml:110:15-75
217-->src\main\AndroidManifest.xml:110:25-72
218                <category android:name="android.intent.category.BROWSABLE" />
218-->src\main\AndroidManifest.xml:111:15-76
218-->src\main\AndroidManifest.xml:111:25-73
219                <!-- <data android:scheme="workcake" android:host="pancake.vn" /> -->
220            </intent-filter>
221            <intent-filter>
221-->src\main\AndroidManifest.xml:114:13-117:29
222                <action android:name="FLUTTER_NOTIFICATION_CLICK" />
222-->src\main\AndroidManifest.xml:115:15-67
222-->src\main\AndroidManifest.xml:115:23-64
223
224                <category android:name="android.intent.category.DEFAULT" />
224-->src\main\AndroidManifest.xml:116:15-74
224-->src\main\AndroidManifest.xml:116:25-71
225            </intent-filter>
226
227            <!-- TODO: Add this filter, if you want to support sharing any type of files -->
228            <intent-filter>
228-->src\main\AndroidManifest.xml:120:13-124:29
229                <action android:name="android.intent.action.SEND" />
229-->src\main\AndroidManifest.xml:49:9-61
229-->src\main\AndroidManifest.xml:49:17-58
230
231                <category android:name="android.intent.category.DEFAULT" />
231-->src\main\AndroidManifest.xml:116:15-74
231-->src\main\AndroidManifest.xml:116:25-71
232
233                <data android:mimeType="*/*" />
233-->src\main\AndroidManifest.xml:35:9-40
234            </intent-filter>
235            <intent-filter>
235-->src\main\AndroidManifest.xml:125:13-129:29
236                <action android:name="android.intent.action.SEND_MULTIPLE" />
236-->src\main\AndroidManifest.xml:126:17-78
236-->src\main\AndroidManifest.xml:126:25-75
237
238                <category android:name="android.intent.category.DEFAULT" />
238-->src\main\AndroidManifest.xml:116:15-74
238-->src\main\AndroidManifest.xml:116:25-71
239
240                <data android:mimeType="*/*" />
240-->src\main\AndroidManifest.xml:35:9-40
241            </intent-filter>
242        </activity>
243        <activity
243-->src\main\AndroidManifest.xml:131:9-134:69
244            android:name="com.yalantis.ucrop.UCropActivity"
244-->src\main\AndroidManifest.xml:132:11-58
245            android:screenOrientation="portrait"
245-->src\main\AndroidManifest.xml:133:11-47
246            android:theme="@style/Theme.AppCompat.Light.NoActionBar" />
246-->src\main\AndroidManifest.xml:134:11-67
247
248        <service
248-->src\main\AndroidManifest.xml:136:9-142:19
249            android:name="vn.pancake.chat.MyFirebaseMessagingService"
249-->src\main\AndroidManifest.xml:137:11-53
250            android:exported="false" >
250-->src\main\AndroidManifest.xml:138:11-35
251            <intent-filter>
251-->src\main\AndroidManifest.xml:139:11-141:27
252                <action android:name="com.google.firebase.MESSAGING_EVENT" />
252-->src\main\AndroidManifest.xml:140:15-76
252-->src\main\AndroidManifest.xml:140:23-73
253            </intent-filter>
254        </service>
255        <!--
256 Don't delete the meta-data below.
257             This is used by the Flutter tool to generate GeneratedPluginRegistrant.java
258        -->
259        <meta-data
259-->src\main\AndroidManifest.xml:145:9-147:33
260            android:name="flutterEmbedding"
260-->src\main\AndroidManifest.xml:146:13-44
261            android:value="2" />
261-->src\main\AndroidManifest.xml:147:13-30
262
263        <provider
264            android:name="androidx.core.content.FileProvider"
265            android:authorities="vn.pancake.chat.provider"
266            android:exported="false"
267            android:grantUriPermissions="true" >
268            <meta-data
268-->[:share_plus] AndroidManifest.xml:13:13-15:68
269                android:name="android.support.FILE_PROVIDER_PATHS"
269-->[:share_plus] AndroidManifest.xml:14:17-67
270                android:resource="@xml/file_provider_paths" />
270-->[:share_plus] AndroidManifest.xml:15:17-65
271        </provider>
272
273        <receiver
273-->[:flutter_local_notifications] AndroidManifest.xml:14:9-16:40
274            android:name="com.dexterous.flutterlocalnotifications.ScheduledNotificationReceiver"
274-->[:flutter_local_notifications] AndroidManifest.xml:15:13-97
275            android:exported="false" />
275-->[:flutter_local_notifications] AndroidManifest.xml:16:13-37
276        <receiver
276-->[:flutter_local_notifications] AndroidManifest.xml:17:9-26:20
277            android:name="com.dexterous.flutterlocalnotifications.ScheduledNotificationBootReceiver"
277-->[:flutter_local_notifications] AndroidManifest.xml:18:13-101
278            android:exported="false" >
278-->[:flutter_local_notifications] AndroidManifest.xml:19:13-37
279            <intent-filter>
279-->[:flutter_local_notifications] AndroidManifest.xml:20:13-25:29
280                <action android:name="android.intent.action.BOOT_COMPLETED" />
280-->[:flutter_local_notifications] AndroidManifest.xml:21:17-79
280-->[:flutter_local_notifications] AndroidManifest.xml:21:25-76
281                <action android:name="android.intent.action.MY_PACKAGE_REPLACED" />
281-->[:flutter_local_notifications] AndroidManifest.xml:22:17-84
281-->[:flutter_local_notifications] AndroidManifest.xml:22:25-81
282                <action android:name="android.intent.action.QUICKBOOT_POWERON" />
282-->[:flutter_local_notifications] AndroidManifest.xml:23:17-82
282-->[:flutter_local_notifications] AndroidManifest.xml:23:25-79
283                <action android:name="com.htc.intent.action.QUICKBOOT_POWERON" />
283-->[:flutter_local_notifications] AndroidManifest.xml:24:17-82
283-->[:flutter_local_notifications] AndroidManifest.xml:24:25-79
284            </intent-filter>
285        </receiver>
286
287        <provider
287-->[:share_plus] AndroidManifest.xml:8:9-16:20
288            android:name="dev.fluttercommunity.plus.share.ShareFileProvider"
288-->[:share_plus] AndroidManifest.xml:9:13-77
289            android:authorities="vn.pancake.chat.flutter.share_provider"
289-->[:share_plus] AndroidManifest.xml:10:13-74
290            android:exported="false"
290-->[:share_plus] AndroidManifest.xml:11:13-37
291            android:grantUriPermissions="true" >
291-->[:share_plus] AndroidManifest.xml:12:13-47
292            <meta-data
292-->[:share_plus] AndroidManifest.xml:13:13-15:68
293                android:name="android.support.FILE_PROVIDER_PATHS"
293-->[:share_plus] AndroidManifest.xml:14:17-67
294                android:resource="@xml/flutter_share_file_paths" />
294-->[:share_plus] AndroidManifest.xml:15:17-65
295        </provider>
296        <provider
296-->[:image_picker_android] AndroidManifest.xml:8:9-16:20
297            android:name="io.flutter.plugins.imagepicker.ImagePickerFileProvider"
297-->[:image_picker_android] AndroidManifest.xml:9:13-82
298            android:authorities="vn.pancake.chat.flutter.image_provider"
298-->[:image_picker_android] AndroidManifest.xml:10:13-74
299            android:exported="false"